20260210 09:47:02.175154 UTC 5073 INFO  starting Study Blog API on port 8080 - main.cc:101
20260210 09:47:02.175218 UTC 5073 INFO  db path: ./data/blog.db - main.cc:102
20260210 09:47:02.197628 UTC 5073 INFO  applied migration: 003_timestamp_normalize.sql - main.cc:61
20260210 09:47:02.406559 UTC 5073 INFO  default admin already exists, skip seeding - main.cc:89
20260210 09:47:09.398167 UTC 5077 INFO  incoming request method=POST path=/api/auth/register - RequestLogger.h:12
20260210 09:47:09.617860 UTC 5077 INFO  request complete method=POST path=/api/auth/register status=201 - RequestLogger.h:18
20260210 09:47:09.656104 UTC 5078 INFO  incoming request method=POST path=/api/auth/login - RequestLogger.h:12
20260210 09:47:09.875259 UTC 5078 INFO  request complete method=POST path=/api/auth/login status=200 - RequestLogger.h:18
20260210 09:47:09.898705 UTC 5075 INFO  incoming request method=POST path=/api/posts - RequestLogger.h:12
20260210 09:47:09.928286 UTC 5075 INFO  request complete method=POST path=/api/posts status=201 - RequestLogger.h:18
20260210 09:47:09.948951 UTC 5076 INFO  incoming request method=PUT path=/api/posts/5 - RequestLogger.h:12
20260210 09:47:09.978716 UTC 5076 INFO  request complete method=PUT path=/api/posts/5 status=200 - RequestLogger.h:18
20260210 09:47:09.995361 UTC 5076 INFO  incoming request method=GET path=/api/search - RequestLogger.h:12
20260210 09:47:09.997023 UTC 5076 INFO  request complete method=GET path=/api/search status=200 - RequestLogger.h:18
20260210 09:47:10.012605 UTC 5078 INFO  incoming request method=POST path=/api/auth/refresh - RequestLogger.h:12
20260210 09:47:10.039022 UTC 5078 INFO  request complete method=POST path=/api/auth/refresh status=200 - RequestLogger.h:18
20260210 09:47:10.064113 UTC 5078 INFO  incoming request method=POST path=/api/auth/login - RequestLogger.h:12
20260210 09:47:10.292799 UTC 5078 INFO  request complete method=POST path=/api/auth/login status=200 - RequestLogger.h:18
20260210 09:47:10.317077 UTC 5078 INFO  incoming request method=GET path=/api/admin/users - RequestLogger.h:12
20260210 09:47:10.318110 UTC 5078 INFO  request complete method=GET path=/api/admin/users status=403 - RequestLogger.h:18
20260210 09:47:10.335453 UTC 5076 INFO  incoming request method=PUT path=/api/admin/users/7/role - RequestLogger.h:12
20260210 09:47:10.368903 UTC 5076 INFO  request complete method=PUT path=/api/admin/users/7/role status=200 - RequestLogger.h:18
20260210 09:47:10.384529 UTC 5075 INFO  incoming request method=PUT path=/api/admin/users/7/ban - RequestLogger.h:12
20260210 09:47:10.416358 UTC 5075 INFO  request complete method=PUT path=/api/admin/users/7/ban status=200 - RequestLogger.h:18
20260210 09:47:10.434860 UTC 5076 INFO  incoming request method=PUT path=/api/admin/users/7/ban - RequestLogger.h:12
20260210 09:47:10.465931 UTC 5076 INFO  request complete method=PUT path=/api/admin/users/7/ban status=200 - RequestLogger.h:18
20260210 09:47:10.481565 UTC 5075 INFO  incoming request method=DELETE path=/api/posts/5 - RequestLogger.h:12
20260210 09:47:10.511664 UTC 5075 INFO  request complete method=DELETE path=/api/posts/5 status=200 - RequestLogger.h:18
20260210 09:47:27.080789 UTC 5076 INFO  incoming request method=GET path=/api/posts - RequestLogger.h:12
20260210 09:47:27.082341 UTC 5076 INFO  request complete method=GET path=/api/posts status=200 - RequestLogger.h:18
20260210 09:47:59.812356 UTC 5077 INFO  incoming request method=POST path=/api/auth/refresh - RequestLogger.h:12
20260210 09:47:59.812421 UTC 5077 INFO  request complete method=POST path=/api/auth/refresh status=401 - RequestLogger.h:18
20260210 09:47:59.812573 UTC 5077 INFO  incoming request method=POST path=/api/auth/refresh - RequestLogger.h:12
20260210 09:47:59.812594 UTC 5077 INFO  request complete method=POST path=/api/auth/refresh status=401 - RequestLogger.h:18
20260210 09:47:59.834157 UTC 5076 INFO  incoming request method=GET path=/api/posts/4 - RequestLogger.h:12
20260210 09:47:59.837398 UTC 5076 INFO  request complete method=GET path=/api/posts/4 status=200 - RequestLogger.h:18
20260210 09:47:59.958063 UTC 5078 INFO  incoming request method=GET path=/api/posts/4 - RequestLogger.h:12
20260210 09:47:59.959323 UTC 5078 INFO  request complete method=GET path=/api/posts/4 status=200 - RequestLogger.h:18
20260210 09:48:01.968183 UTC 5077 INFO  incoming request method=GET path=/api/posts - RequestLogger.h:12
20260210 09:48:01.970092 UTC 5077 INFO  request complete method=GET path=/api/posts status=200 - RequestLogger.h:18
20260210 09:48:01.993322 UTC 5078 INFO  incoming request method=GET path=/api/posts - RequestLogger.h:12
20260210 09:48:01.994850 UTC 5078 INFO  request complete method=GET path=/api/posts status=200 - RequestLogger.h:18
20260210 09:48:18.517477 UTC 5078 INFO  incoming request method=POST path=/api/auth/refresh - RequestLogger.h:12
20260210 09:48:18.517529 UTC 5078 INFO  request complete method=POST path=/api/auth/refresh status=401 - RequestLogger.h:18
20260210 09:48:18.517627 UTC 5077 INFO  incoming request method=POST path=/api/auth/refresh - RequestLogger.h:12
20260210 09:48:18.517693 UTC 5077 INFO  request complete method=POST path=/api/auth/refresh status=401 - RequestLogger.h:18
20260210 09:48:18.588451 UTC 5077 INFO  incoming request method=GET path=/api/posts - RequestLogger.h:12
20260210 09:48:18.590014 UTC 5077 INFO  request complete method=GET path=/api/posts status=200 - RequestLogger.h:18
20260210 09:48:18.609720 UTC 5075 INFO  incoming request method=GET path=/api/posts - RequestLogger.h:12
20260210 09:48:18.611309 UTC 5075 INFO  request complete method=GET path=/api/posts status=200 - RequestLogger.h:18
20260210 09:49:15.875792 UTC 5078 INFO  incoming request method=GET path=/api/posts/1 - RequestLogger.h:12
20260210 09:49:15.877785 UTC 5078 INFO  request complete method=GET path=/api/posts/1 status=200 - RequestLogger.h:18
20260210 09:49:15.900918 UTC 5075 INFO  incoming request method=GET path=/api/posts/1 - RequestLogger.h:12
20260210 09:49:15.902411 UTC 5075 INFO  request complete method=GET path=/api/posts/1 status=200 - RequestLogger.h:18
20260210 09:49:19.102139 UTC 5078 INFO  incoming request method=GET path=/api/posts - RequestLogger.h:12
20260210 09:49:19.103735 UTC 5078 INFO  request complete method=GET path=/api/posts status=200 - RequestLogger.h:18
20260210 09:49:19.357279 UTC 5078 INFO  incoming request method=GET path=/api/posts - RequestLogger.h:12
20260210 09:49:19.358389 UTC 5078 INFO  request complete method=GET path=/api/posts status=200 - RequestLogger.h:18
20260210 09:49:29.668035 UTC 5078 INFO  incoming request method=GET path=/api/posts/4 - RequestLogger.h:12
20260210 09:49:29.669376 UTC 5078 INFO  request complete method=GET path=/api/posts/4 status=200 - RequestLogger.h:18
20260210 09:49:29.987758 UTC 5076 INFO  incoming request method=GET path=/api/posts/4 - RequestLogger.h:12
20260210 09:49:29.989133 UTC 5076 INFO  request complete method=GET path=/api/posts/4 status=200 - RequestLogger.h:18
20260210 09:49:32.476241 UTC 5077 INFO  incoming request method=GET path=/api/posts - RequestLogger.h:12
20260210 09:49:32.477447 UTC 5077 INFO  request complete method=GET path=/api/posts status=200 - RequestLogger.h:18
20260210 09:49:32.806952 UTC 5078 INFO  incoming request method=GET path=/api/posts - RequestLogger.h:12
20260210 09:49:32.808346 UTC 5078 INFO  request complete method=GET path=/api/posts status=200 - RequestLogger.h:18
20260210 09:50:38.273543 UTC 5076 INFO  incoming request method=POST path=/api/auth/refresh - RequestLogger.h:12
20260210 09:50:38.273628 UTC 5076 INFO  request complete method=POST path=/api/auth/refresh status=401 - RequestLogger.h:18
20260210 09:50:38.273732 UTC 5076 INFO  incoming request method=POST path=/api/auth/refresh - RequestLogger.h:12
20260210 09:50:38.273748 UTC 5076 INFO  request complete method=POST path=/api/auth/refresh status=401 - RequestLogger.h:18
20260210 09:50:38.338512 UTC 5078 INFO  incoming request method=GET path=/api/posts - RequestLogger.h:12
20260210 09:50:38.340220 UTC 5078 INFO  request complete method=GET path=/api/posts status=200 - RequestLogger.h:18
20260210 09:50:38.446569 UTC 5077 INFO  incoming request method=GET path=/api/posts - RequestLogger.h:12
20260210 09:50:38.448776 UTC 5077 INFO  request complete method=GET path=/api/posts status=200 - RequestLogger.h:18
20260210 09:50:45.592326 UTC 5078 INFO  incoming request method=POST path=/api/auth/refresh - RequestLogger.h:12
20260210 09:50:45.592409 UTC 5078 INFO  request complete method=POST path=/api/auth/refresh status=401 - RequestLogger.h:18
20260210 09:50:45.592513 UTC 5078 INFO  incoming request method=POST path=/api/auth/refresh - RequestLogger.h:12
20260210 09:50:45.592527 UTC 5078 INFO  request complete method=POST path=/api/auth/refresh status=401 - RequestLogger.h:18
20260210 09:50:45.619829 UTC 5078 INFO  incoming request method=GET path=/api/posts - RequestLogger.h:12
20260210 09:50:45.621063 UTC 5078 INFO  request complete method=GET path=/api/posts status=200 - RequestLogger.h:18
20260210 09:50:45.638962 UTC 5077 INFO  incoming request method=GET path=/api/posts - RequestLogger.h:12
20260210 09:50:45.640259 UTC 5077 INFO  request complete method=GET path=/api/posts status=200 - RequestLogger.h:18
20260210 09:50:47.896566 UTC 5077 INFO  incoming request method=GET path=/api/posts/4 - RequestLogger.h:12
20260210 09:50:47.898064 UTC 5077 INFO  request complete method=GET path=/api/posts/4 status=200 - RequestLogger.h:18
20260210 09:50:47.920931 UTC 5076 INFO  incoming request method=GET path=/api/posts/4 - RequestLogger.h:12
20260210 09:50:47.922509 UTC 5076 INFO  request complete method=GET path=/api/posts/4 status=200 - RequestLogger.h:18
20260210 09:51:04.204205 UTC 5078 INFO  incoming request method=GET path=/api/posts - RequestLogger.h:12
20260210 09:51:04.205310 UTC 5078 INFO  request complete method=GET path=/api/posts status=200 - RequestLogger.h:18
20260210 09:51:04.462050 UTC 5078 INFO  incoming request method=GET path=/api/posts - RequestLogger.h:12
20260210 09:51:04.463650 UTC 5078 INFO  request complete method=GET path=/api/posts status=200 - RequestLogger.h:18
20260210 09:53:05.381631 UTC 5078 INFO  incoming request method=POST path=/api/auth/refresh - RequestLogger.h:12
20260210 09:53:05.381703 UTC 5078 INFO  request complete method=POST path=/api/auth/refresh status=401 - RequestLogger.h:18
20260210 09:53:05.382180 UTC 5077 INFO  incoming request method=POST path=/api/auth/refresh - RequestLogger.h:12
20260210 09:53:05.382211 UTC 5077 INFO  request complete method=POST path=/api/auth/refresh status=401 - RequestLogger.h:18
20260210 09:53:05.413609 UTC 5076 INFO  incoming request method=GET path=/api/posts - RequestLogger.h:12
20260210 09:53:05.415159 UTC 5076 INFO  request complete method=GET path=/api/posts status=200 - RequestLogger.h:18
20260210 09:53:05.531746 UTC 5078 INFO  incoming request method=GET path=/api/posts - RequestLogger.h:12
20260210 09:53:05.533012 UTC 5078 INFO  request complete method=GET path=/api/posts status=200 - RequestLogger.h:18
20260210 09:53:52.182403 UTC 5078 INFO  incoming request method=GET path=/api/posts/2 - RequestLogger.h:12
20260210 09:53:52.184763 UTC 5078 INFO  request complete method=GET path=/api/posts/2 status=200 - RequestLogger.h:18
20260210 09:53:52.204543 UTC 5076 INFO  incoming request method=GET path=/api/posts/2 - RequestLogger.h:12
20260210 09:53:52.205655 UTC 5076 INFO  request complete method=GET path=/api/posts/2 status=200 - RequestLogger.h:18
20260210 09:53:54.757602 UTC 5076 INFO  incoming request method=GET path=/api/posts - RequestLogger.h:12
20260210 09:53:54.759556 UTC 5076 INFO  request complete method=GET path=/api/posts status=200 - RequestLogger.h:18
20260210 09:53:55.080642 UTC 5075 INFO  incoming request method=GET path=/api/posts - RequestLogger.h:12
20260210 09:53:55.082322 UTC 5075 INFO  request complete method=GET path=/api/posts status=200 - RequestLogger.h:18
20260210 09:53:55.904577 UTC 5075 INFO  incoming request method=GET path=/api/posts/4 - RequestLogger.h:12
20260210 09:53:55.906567 UTC 5075 INFO  request complete method=GET path=/api/posts/4 status=200 - RequestLogger.h:18
20260210 09:53:56.224079 UTC 5075 INFO  incoming request method=GET path=/api/posts/4 - RequestLogger.h:12
20260210 09:53:56.226018 UTC 5075 INFO  request complete method=GET path=/api/posts/4 status=200 - RequestLogger.h:18
20260210 09:53:57.724850 UTC 5076 INFO  incoming request method=GET path=/api/posts - RequestLogger.h:12
20260210 09:53:57.726369 UTC 5076 INFO  request complete method=GET path=/api/posts status=200 - RequestLogger.h:18
20260210 09:53:58.059874 UTC 5075 INFO  incoming request method=GET path=/api/posts - RequestLogger.h:12
20260210 09:53:58.061036 UTC 5075 INFO  request complete method=GET path=/api/posts status=200 - RequestLogger.h:18
20260210 09:54:09.844484 UTC 5078 INFO  incoming request method=POST path=/api/auth/login - RequestLogger.h:12
20260210 09:54:10.104880 UTC 5078 INFO  request complete method=POST path=/api/auth/login status=200 - RequestLogger.h:18
20260210 09:54:10.442023 UTC 5075 INFO  incoming request method=GET path=/api/posts - RequestLogger.h:12
20260210 09:54:10.443524 UTC 5075 INFO  request complete method=GET path=/api/posts status=200 - RequestLogger.h:18
20260210 09:54:10.684968 UTC 5077 INFO  incoming request method=GET path=/api/posts - RequestLogger.h:12
20260210 09:54:10.686251 UTC 5077 INFO  request complete method=GET path=/api/posts status=200 - RequestLogger.h:18
20260210 09:54:11.893916 UTC 5078 INFO  incoming request method=GET path=/api/posts/4 - RequestLogger.h:12
20260210 09:54:11.896492 UTC 5078 INFO  request complete method=GET path=/api/posts/4 status=200 - RequestLogger.h:18
20260210 09:54:12.215438 UTC 5077 INFO  incoming request method=GET path=/api/posts/4 - RequestLogger.h:12
20260210 09:54:12.216981 UTC 5077 INFO  request complete method=GET path=/api/posts/4 status=200 - RequestLogger.h:18
20260210 09:54:12.929297 UTC 5075 INFO  incoming request method=GET path=/api/posts/4 - RequestLogger.h:12
20260210 09:54:12.931266 UTC 5075 INFO  request complete method=GET path=/api/posts/4 status=200 - RequestLogger.h:18
20260210 09:54:13.248872 UTC 5076 INFO  incoming request method=GET path=/api/posts/4 - RequestLogger.h:12
20260210 09:54:13.250219 UTC 5076 INFO  request complete method=GET path=/api/posts/4 status=200 - RequestLogger.h:18
20260210 09:54:16.949455 UTC 5076 INFO  incoming request method=PUT path=/api/posts/4 - RequestLogger.h:12
20260210 09:54:16.980550 UTC 5076 INFO  request complete method=PUT path=/api/posts/4 status=200 - RequestLogger.h:18
20260210 09:54:17.306264 UTC 5075 INFO  incoming request method=GET path=/api/posts/4 - RequestLogger.h:12
20260210 09:54:17.307324 UTC 5075 INFO  request complete method=GET path=/api/posts/4 status=200 - RequestLogger.h:18
20260210 09:54:17.560600 UTC 5075 INFO  incoming request method=GET path=/api/posts/4 - RequestLogger.h:12
20260210 09:54:17.561882 UTC 5075 INFO  request complete method=GET path=/api/posts/4 status=200 - RequestLogger.h:18
20260210 09:54:19.488426 UTC 5075 INFO  incoming request method=GET path=/api/posts/4 - RequestLogger.h:12
20260210 09:54:19.489960 UTC 5075 INFO  request complete method=GET path=/api/posts/4 status=200 - RequestLogger.h:18
20260210 09:54:19.807232 UTC 5075 INFO  incoming request method=GET path=/api/posts/4 - RequestLogger.h:12
20260210 09:54:19.808425 UTC 5075 INFO  request complete method=GET path=/api/posts/4 status=200 - RequestLogger.h:18
20260210 09:54:20.606338 UTC 5075 INFO  incoming request method=GET path=/api/posts/4 - RequestLogger.h:12
20260210 09:54:20.607648 UTC 5075 INFO  request complete method=GET path=/api/posts/4 status=200 - RequestLogger.h:18
20260210 09:54:20.929836 UTC 5077 INFO  incoming request method=GET path=/api/posts/4 - RequestLogger.h:12
20260210 09:54:20.930856 UTC 5077 INFO  request complete method=GET path=/api/posts/4 status=200 - RequestLogger.h:18
20260210 09:54:21.192936 UTC 5076 INFO  incoming request method=GET path=/api/posts - RequestLogger.h:12
20260210 09:54:21.194455 UTC 5076 INFO  request complete method=GET path=/api/posts status=200 - RequestLogger.h:18
20260210 09:54:21.299719 UTC 5075 INFO  incoming request method=GET path=/api/posts - RequestLogger.h:12
20260210 09:54:21.